                 APE - Atomic Pseudopotentials Engine

              Program started on 2013/05/03 at 15:19:15

Compilation Info
  Version: 2.1.0
  Revision: 2422 [string_f.h 2006-09-23]
  Build time: Wed Apr 24 23:44:06 CEST 2013
  C compiler: gcc
  C compiler flags: -g -O2 -I/opt/local/include
  Fortran compiler: gfortran
  Fortran compiler flags: -g -O2

Calculation Type:
  PseudoPotential Generation
  PseudoPotential Test

Setting units
  Input units system:  Atomic Units
  Output units system: Atomic Units

Eigensolver Info
  Method:    Brent's method
  Tolerance:  1.000E-08

Initializing ODE Integrator
  ODE Stepping function: Embedded 8th order Runge-Kutta Prince-Dormand
                         method with 9th order error estimate
  ODE Integrator tolerance:  1.000E-12
  ODE Integrator maximum number of steps: 500000


                   -- Pseudopotential Generation --

Pseudo atom information:
  Wavefunction info:
    State   Occupation    Node radius   Peak radius   Default core radius
     3s        2.00          0.734         1.755             0.000
     3p        2.00          0.734         2.142             0.000
     3d        0.00          0.000         0.000             0.000
     4f        0.00          0.000         0.000             0.000

Pseudopotential Generation:
  State: 3s
    Scheme: Troullier-Martins
    Core radius:   1.200
      Iteration number:   1
      Coefficients:
        c0  =  9.624959932E-02   c2  = -3.786771962E+00
        c4  =  5.158496838E-01   c6  =  8.385053599E+00
        c8  = -9.900244070E+00   c10 =  4.432294236E+00
        c12 = -7.182888533E-01
      Residues:
        c2**2 + c4(2l+5)    =  6.034385714E-03
        norm[AE] - norm[PP] =  1.691889031E+01

      Iteration number:   2
      Coefficients:
        c0  = -1.886891841E-01   c2  = -3.017198435E+00
        c4  = -9.509150348E-02   c6  =  8.279328806E+00
        c8  = -9.495485803E+00   c10 =  4.222724365E+00
        c12 = -6.827903706E-01
      Residues:
        c2**2 + c4(2l+5)    = -2.936490535E-03
        norm[AE] - norm[PP] =  8.628028879E+00

      Iteration number:   3
      Coefficients:
        c0  = -1.415244917E-01   c2  = -2.811503685E+00
        c4  = -1.150489164E+00   c6  =  9.903112490E+00
        c8  = -1.067795836E+01   c10 =  4.644731156E+00
        c12 = -7.424603918E-01
      Residues:
        c2**2 + c4(2l+5)    = -1.013497444E-04
        norm[AE] - norm[PP] =  2.152107151E+00

      Iteration number:   4
      Coefficients:
        c0  = -1.477725849E-01   c2  = -2.724905722E+00
        c4  = -1.405979099E+00   c6  =  1.023703488E+01
        c8  = -1.090258338E+01   c10 =  4.721212301E+00
        c12 = -7.529426200E-01
      Residues:
        c2**2 + c4(2l+5)    =  5.029902436E-05
        norm[AE] - norm[PP] =  3.952157009E-01

      Iteration number:   5
      Coefficients:
        c0  = -1.514762334E-01   c2  = -2.703018909E+00
        c4  = -1.455183539E+00   c6  =  1.029297094E+01
        c8  = -1.093712111E+01   c10 =  4.732307330E+00
        c12 = -7.544005183E-01
      Residues:
        c2**2 + c4(2l+5)    = -7.949070604E-07
        norm[AE] - norm[PP] =  3.039352968E-02

      Iteration number:   6
      Coefficients:
        c0  = -1.516427299E-01   c2  = -2.701383980E+00
        c4  = -1.459655977E+00   c6  =  1.029862507E+01
        c8  = -1.094085398E+01   c10 =  4.733563129E+00
        c12 = -7.545712002E-01
      Residues:
        c2**2 + c4(2l+5)    =  3.679466926E-08
        norm[AE] - norm[PP] = -8.044777804E-04

      Iteration number:   7
      Coefficients:
        c0  = -1.516388651E-01   c2  = -2.701425600E+00
        c4  = -1.459539421E+00   c6  =  1.029847613E+01
        c8  = -1.094075504E+01   c10 =  4.733529712E+00
        c12 = -7.545666457E-01
      Residues:
        c2**2 + c4(2l+5)    = -1.171403391E-10
        norm[AE] - norm[PP] =  3.166529519E-06

      Iteration number:   8
      Coefficients:
        c0  = -1.516388810E-01   c2  = -2.701425435E+00
        c4  = -1.459539875E+00   c6  =  1.029847670E+01
        c8  = -1.094075543E+01   c10 =  4.733529841E+00
        c12 = -7.545666633E-01
      Residues:
        c2**2 + c4(2l+5)    = -2.776529007E-13
        norm[AE] - norm[PP] =  5.962773386E-09

    Coefficients:
      c0  = -1.516388810E-01   c2  = -2.701425435E+00
      c4  = -1.459539875E+00   c6  =  1.029847670E+01
      c8  = -1.094075543E+01   c10 =  4.733529841E+00
      c12 = -7.545666633E-01
    Residues:
      c2**2 + c4(2l+5)    = -2.776529007E-13
      norm[AE] - norm[PP] =  5.962773386E-09

  State: 3p
    Scheme: Troullier-Martins
    Core radius:   1.270
      Iteration number:   1
      Coefficients:
        c0  =  1.586170483E+00   c2  = -4.869769827E+00
        c4  = -3.227603560E+00   c6  =  1.262329288E+01
        c8  = -1.084995392E+01   c10 =  3.977918465E+00
        c12 = -5.474969701E-01
      Residues:
        c2**2 + c4(2l+5)    =  3.787114295E-02
        norm[AE] - norm[PP] =  1.121433251E+00

      Iteration number:   2
      Coefficients:
        c0  =  1.029394464E+00   c2  = -4.119314203E+00
        c4  = -2.343637277E+00   c6  =  1.020021138E+01
        c8  = -8.936281621E+00   c10 =  3.308165982E+00
        c12 = -4.581224184E-01
      Residues:
        c2**2 + c4(2l+5)    =  1.093832661E-02
        norm[AE] - norm[PP] =  5.632885604E-01

      Iteration number:   3
      Coefficients:
        c0  =  8.010939113E-01   c2  = -3.800965034E+00
        c4  = -2.014135422E+00   c6  =  9.247520859E+00
        c8  = -8.176938682E+00   c10 =  3.041395841E+00
        c12 = -4.224493186E-01
      Residues:
        c2**2 + c4(2l+5)    =  4.339869631E-03
        norm[AE] - norm[PP] =  3.483872401E-01

      Iteration number:   4
      Coefficients:
        c0  =  6.487683557E-01   c2  = -3.582044629E+00
        c4  = -1.814477368E+00   c6  =  8.636907749E+00
        c8  = -7.685816216E+00   c10 =  2.868214797E+00
        c12 = -3.992443799E-01
      Residues:
        c2**2 + c4(2l+5)    =  8.501483826E-04
        norm[AE] - norm[PP] =  1.297021470E-01

      Iteration number:   5
      Coefficients:
        c0  =  6.106662451E-01   c2  = -3.524902784E+00
        c4  = -1.771919793E+00   c6  =  8.493327708E+00
        c8  = -7.568645708E+00   c10 =  2.826655825E+00
        c12 = -3.936582102E-01
      Residues:
        c2**2 + c4(2l+5)    =  7.657764284E-05
        norm[AE] - norm[PP] =  2.150108589E-02

      Iteration number:   6
      Coefficients:
        c0  =  6.067401810E-01   c2  = -3.518686163E+00
        c4  = -1.768553581E+00   c6  =  8.479796630E+00
        c8  = -7.557355758E+00   c10 =  2.822616409E+00
        c12 = -3.931127207E-01
      Residues:
        c2**2 + c4(2l+5)    = -5.412470688E-08
        norm[AE] - norm[PP] =  1.277247589E-03

      Iteration number:   7
      Coefficients:
        c0  =  6.067244192E-01   c2  = -3.518623234E+00
        c4  = -1.768657779E+00   c6  =  8.479888271E+00
        c8  = -7.557400930E+00   c10 =  2.822628246E+00
        c12 = -3.931140095E-01
      Residues:
        c2**2 + c4(2l+5)    = -2.189870081E-07
        norm[AE] - norm[PP] =  1.050058457E-04

      Iteration number:   8
      Coefficients:
        c0  =  6.067301456E-01   c2  = -3.518629216E+00
        c4  = -1.768672254E+00   c6  =  8.479919868E+00
        c8  = -7.557424751E+00   c10 =  2.822636418E+00
        c12 = -3.931150878E-01
      Residues:
        c2**2 + c4(2l+5)    = -9.590614269E-08
        norm[AE] - norm[PP] =  4.577590670E-05

      Iteration number:   9
      Coefficients:
        c0  =  6.067346138E-01   c2  = -3.518633897E+00
        c4  = -1.768683505E+00   c6  =  8.479944468E+00
        c8  = -7.557443304E+00   c10 =  2.822642783E+00
        c12 = -3.931159279E-01
      Residues:
        c2**2 + c4(2l+5)    =  7.620470921E-11
        norm[AE] - norm[PP] = -3.605303078E-08

      Iteration number:  10
      Coefficients:
        c0  =  6.067346102E-01   c2  = -3.518633893E+00
        c4  = -1.768683496E+00   c6  =  8.479944448E+00
        c8  = -7.557443290E+00   c10 =  2.822642778E+00
        c12 = -3.931159272E-01
      Residues:
        c2**2 + c4(2l+5)    = -5.853650897E-14
        norm[AE] - norm[PP] =  2.826716639E-11

    Coefficients:
      c0  =  6.067346102E-01   c2  = -3.518633893E+00
      c4  = -1.768683496E+00   c6  =  8.479944448E+00
      c8  = -7.557443290E+00   c10 =  2.822642778E+00
      c12 = -3.931159272E-01
    Residues:
      c2**2 + c4(2l+5)    = -5.853650897E-14
      norm[AE] - norm[PP] =  2.826716639E-11

  State: 3d
    Scheme: Troullier-Martins
    Core radius:   1.500
      Iteration number:   1
      Coefficients:
        c0  = -1.340239131E+00   c2  = -1.250444955E+01
        c4  = -1.562368709E+00   c6  =  9.635607563E+00
        c8  = -6.081100143E+00   c10 =  1.588839332E+00
        c12 = -1.552182612E-01
      Residues:
        c2**2 + c4(2l+5)    =  1.479053565E-06
        norm[AE] - norm[PP] =  1.422999401E+02

      Iteration number:   2
      Coefficients:
        c0  = -1.959156188E+00   c2  = -9.251163121E+00
        c4  = -6.958065783E+00   c6  =  1.388842620E+01
        c8  = -7.850495863E+00   c10 =  1.965938928E+00
        c12 = -1.877841836E-01
      Residues:
        c2**2 + c4(2l+5)    =  8.939761413E-07
        norm[AE] - norm[PP] =  2.296142703E+01

      Iteration number:   3
      Coefficients:
        c0  = -2.464523204E+00   c2  = -7.680136002E+00
        c4  = -8.951853403E+00   c6  =  1.521701260E+01
        c8  = -8.342385540E+00   c10 =  2.062101989E+00
        c12 = -1.955530035E-01
      Residues:
        c2**2 + c4(2l+5)    =  4.957350164E-07
        norm[AE] - norm[PP] = -2.158219161E+01

      Iteration number:   4
      Coefficients:
        c0  = -2.757346671E+00   c2  = -7.460342347E+00
        c4  = -8.572658662E+00   c6  =  1.462287651E+01
        c8  = -8.021197476E+00   c10 =  1.983109854E+00
        c12 = -1.880801020E-01
      Residues:
        c2**2 + c4(2l+5)    =  3.061840830E-07
        norm[AE] - norm[PP] = -2.149722003E+01

      Iteration number:   5
      Coefficients:
        c0  = -3.045521431E+00   c2  = -7.556182352E+00
        c4  = -7.505829732E+00   c6  =  1.342159120E+01
        c8  = -7.431072242E+00   c10 =  1.844474826E+00
        c12 = -1.753127758E-01
      Residues:
        c2**2 + c4(2l+5)    =  1.784081679E-07
        norm[AE] - norm[PP] = -1.045657584E+01

      Iteration number:   6
      Coefficients:
        c0  = -3.568506498E+00   c2  = -7.590408191E+00
        c4  = -5.880186928E+00   c6  =  1.151743896E+01
        c8  = -6.482752046E+00   c10 =  1.620132963E+00
        c12 = -1.545651114E-01
      Residues:
        c2**2 + c4(2l+5)    =  6.957086434E-08
        norm[AE] - norm[PP] =  4.692614155E+00

      Iteration number:   7
      Coefficients:
        c0  = -4.211224905E+00   c2  = -6.969862274E+00
        c4  = -5.354827019E+00   c6  =  1.048620028E+01
        c8  = -5.899034386E+00   c10 =  1.473699347E+00
        c12 = -1.405580593E-01
      Residues:
        c2**2 + c4(2l+5)    =  2.595737200E-08
        norm[AE] - norm[PP] =  3.855369461E-01

      Iteration number:   8
      Coefficients:
        c0  = -4.579952439E+00   c2  = -6.673132870E+00
        c4  = -4.921699668E+00   c6  =  9.777486773E+00
        c8  = -5.512114736E+00   c10 =  1.378125753E+00
        c12 = -1.314942465E-01
      Residues:
        c2**2 + c4(2l+5)    =  1.474343453E-08
        norm[AE] - norm[PP] =  2.354052933E-01

      Iteration number:   9
      Coefficients:
        c0  = -4.834515178E+00   c2  = -6.467712860E+00
        c4  = -4.623928611E+00   c6  =  9.289316954E+00
        c8  = -5.245487164E+00   c10 =  1.312253420E+00
        c12 = -1.252465274E-01
      Residues:
        c2**2 + c4(2l+5)    =  1.004373638E-08
        norm[AE] - norm[PP] =  2.159521403E-01

      Iteration number:  10
      Coefficients:
        c0  = -5.104258982E+00   c2  = -6.247608298E+00
        c4  = -4.313808962E+00   c6  =  8.776842926E+00
        c8  = -4.965096014E+00   c10 =  1.242927620E+00
        c12 = -1.186684323E-01
      Residues:
        c2**2 + c4(2l+5)    =  6.734216654E-09
        norm[AE] - norm[PP] =  2.083287801E-01

      Iteration number:  11
      Coefficients:
        c0  = -5.248168683E+00   c2  = -6.128764064E+00
        c4  = -4.151508142E+00   c6  =  8.506235051E+00
        c8  = -4.816750186E+00   c10 =  1.206218459E+00
        c12 = -1.151835634E-01
      Residues:
        c2**2 + c4(2l+5)    =  5.458457294E-09
        norm[AE] - norm[PP] =  1.981756773E-01

      Iteration number:  12
      Coefficients:
        c0  = -5.533065214E+00   c2  = -5.891486939E+00
        c4  = -3.834652775E+00   c6  =  7.974470912E+00
        c8  = -4.524829474E+00   c10 =  1.133936377E+00
        c12 = -1.083193302E-01
      Residues:
        c2**2 + c4(2l+5)    =  3.626201390E-09
        norm[AE] - norm[PP] =  1.977433832E-01

      Iteration number:  13
      Coefficients:
        c0  = -5.670160589E+00   c2  = -5.775978280E+00
        c4  = -3.685130166E+00   c6  =  7.721203846E+00
        c8  = -4.385520094E+00   c10 =  1.099412572E+00
        c12 = -1.050392192E-01
      Residues:
        c2**2 + c4(2l+5)    =  2.988758176E-09
        norm[AE] - norm[PP] =  1.957535975E-01

      Iteration number:  14
      Coefficients:
        c0  = -5.823948019E+00   c2  = -5.645174258E+00
        c4  = -3.520139311E+00   c6  =  7.439533025E+00
        c8  = -4.230330332E+00   c10 =  1.060925594E+00
        c12 = -1.013810959E-01
      Residues:
        c2**2 + c4(2l+5)    =  2.412938534E-09
        norm[AE] - norm[PP] =  1.867386066E-01

      Iteration number:  15
      Coefficients:
        c0  = -5.972268072E+00   c2  = -5.518078697E+00
        c4  = -3.363107068E+00   c6  =  7.169736417E+00
        c8  = -4.081484642E+00   c10 =  1.023990629E+00
        c12 = -9.786935705E-02
      Residues:
        c2**2 + c4(2l+5)    =  1.968560362E-09
        norm[AE] - norm[PP] =  1.812288882E-01

      Iteration number:  16
      Coefficients:
        c0  = -6.118448744E+00   c2  = -5.391863967E+00
        c4  = -3.210456326E+00   c6  =  6.905712670E+00
        c8  = -3.935622044E+00   c10 =  9.877742237E-01
        c12 = -9.442478799E-02
      Residues:
        c2**2 + c4(2l+5)    =  1.615298638E-09
        norm[AE] - norm[PP] =  1.780901102E-01

      Iteration number:  17
      Coefficients:
        c0  = -6.263000940E+00   c2  = -5.266096194E+00
        c4  = -3.061637464E+00   c6  =  6.646524703E+00
        c8  = -3.792226384E+00   c10 =  9.521483873E-01
        c12 = -9.103522420E-02
      Residues:
        c2**2 + c4(2l+5)    =  1.332093484E-09
        norm[AE] - norm[PP] =  1.770319514E-01

      Iteration number:  18
      Coefficients:
        c0  = -6.341714178E+00   c2  = -5.197077337E+00
        c4  = -2.981788293E+00   c6  =  6.506444134E+00
        c8  = -3.714612013E+00   c10 =  9.328532374E-01
        c12 = -8.919876572E-02
      Residues:
        c2**2 + c4(2l+5)    =  1.200819781E-09
        norm[AE] - norm[PP] =  1.735182154E-01

      Iteration number:  19
      Coefficients:
        c0  = -6.492047473E+00   c2  = -5.064471229E+00
        c4  = -2.831036546E+00   c6  =  6.240462734E+00
        c8  = -3.567069203E+00   c10 =  8.961554322E-01
        c12 = -8.570500442E-02
      Residues:
        c2**2 + c4(2l+5)    =  9.872769638E-10
        norm[AE] - norm[PP] =  1.695399159E-01

      Iteration number:  20
      Coefficients:
        c0  = -6.568070604E+00   c2  = -4.996976359E+00
        c4  = -2.755771426E+00   c6  =  6.106818560E+00
        c8  = -3.492840272E+00   c10 =  8.776825780E-01
        c12 = -8.394578562E-02
      Residues:
        c2**2 + c4(2l+5)    =  8.952545065E-10
        norm[AE] - norm[PP] =  1.678299012E-01

      Iteration number:  21
      Coefficients:
        c0  = -6.715214236E+00   c2  = -4.865550560E+00
        c4  = -2.611847625E+00   c6  =  5.849706699E+00
        c8  = -3.349861757E+00   c10 =  8.420820312E-01
        c12 = -8.055447517E-02
      Residues:
        c2**2 + c4(2l+5)    =  7.424477350E-10
        norm[AE] - norm[PP] =  1.669536206E-01

      Iteration number:  22
      Coefficients:
        c0  = -6.790013087E+00   c2  = -4.798302171E+00
        c4  = -2.539662264E+00   c6  =  5.719874904E+00
        c8  = -3.277566063E+00   c10 =  8.240706317E-01
        c12 = -7.883816176E-02
      Residues:
        c2**2 + c4(2l+5)    =  6.758251477E-10
        norm[AE] - norm[PP] =  1.667433522E-01

      Iteration number:  23
      Coefficients:
        c0  = -6.869678679E+00   c2  = -4.726235976E+00
        c4  = -2.463763168E+00   c6  =  5.582469427E+00
        c8  = -3.200954826E+00   c10 =  8.049736276E-01
        c12 = -7.701784821E-02
      Residues:
        c2**2 + c4(2l+5)    =  6.119475839E-10
        norm[AE] - norm[PP] =  1.634379835E-01

      Iteration number:  24
      Coefficients:
        c0  = -6.948266526E+00   c2  = -4.654800272E+00
        c4  = -2.389656295E+00   c6  =  5.447603204E+00
        c8  = -3.125682406E+00   c10 =  7.862021727E-01
        c12 = -7.522813369E-02
      Residues:
        c2**2 + c4(2l+5)    =  5.553050966E-10
        norm[AE] - norm[PP] =  1.602589185E-01

      Iteration number:  25
      Coefficients:
        c0  = -7.025877336E+00   c2  = -4.583925400E+00
        c4  = -2.317198055E+00   c6  =  5.315060189E+00
        c8  = -3.051633134E+00   c10 =  7.677279438E-01
        c12 = -7.346634532E-02
      Residues:
        c2**2 + c4(2l+5)    =  5.049057828E-10
        norm[AE] - norm[PP] =  1.575895803E-01

      Iteration number:  26
      Coefficients:
        c0  = -7.102577366E+00   c2  = -4.513560399E+00
        c4  = -2.246305378E+00   c6  =  5.184708374E+00
        c8  = -2.978735416E+00   c10 =  7.495333071E-01
        c12 = -7.173081354E-02
      Residues:
        c2**2 + c4(2l+5)    =  4.599328131E-10
        norm[AE] - norm[PP] =  1.554790681E-01

      Iteration number:  27
      Coefficients:
        c0  = -7.178490499E+00   c2  = -4.443597445E+00
        c4  = -2.176850808E+00   c6  =  5.056325704E+00
        c8  = -2.906866391E+00   c10 =  7.315877377E-01
        c12 = -7.001863405E-02
      Residues:
        c2**2 + c4(2l+5)    =  4.196608806E-10
        norm[AE] - norm[PP] =  1.539009808E-01

      Iteration number:  28
      Coefficients:
        c0  = -7.253741463E+00   c2  = -4.373925565E+00
        c4  = -2.108711386E+00   c6  =  4.929693382E+00
        c8  = -2.835904481E+00   c10 =  7.138609743E-01
        c12 = -6.832692469E-02
      Residues:
        c2**2 + c4(2l+5)    =  3.834759010E-10
        norm[AE] - norm[PP] =  1.528223719E-01

      Iteration number:  29
      Coefficients:
        c0  = -7.328449787E+00   c2  = -4.304436664E+00
        c4  = -2.041773171E+00   c6  =  4.804605192E+00
        c8  = -2.765734719E+00   c10 =  6.963243587E-01
        c12 = -6.665295383E-02
      Residues:
        c2**2 + c4(2l+5)    =  3.508587230E-10
        norm[AE] - norm[PP] =  1.522164493E-01

      Iteration number:  30
      Coefficients:
        c0  = -7.402729565E+00   c2  = -4.235025900E+00
        c4  = -1.975931079E+00   c6  =  4.680867560E+00
        c8  = -2.696248809E+00   c10 =  6.789508580E-01
        c12 = -6.499414266E-02
      Residues:
        c2**2 + c4(2l+5)    =  3.213687718E-10
        norm[AE] - norm[PP] =  1.520646633E-01

      Iteration number:  31
      Coefficients:
        c0  = -8.252775996E+00   c2  = -3.433490364E+00
        c4  = -1.238465068E+00   c6  =  3.279073745E+00
        c8  = -1.907391898E+00   c10 =  4.815376637E-01
        c12 = -4.613598266E-02
      Residues:
        c2**2 + c4(2l+5)    =  1.202561812E-10
        norm[AE] - norm[PP] =  6.426704723E-01

      Iteration number:  32
      Coefficients:
        c0  = -8.528147876E+00   c2  = -3.156309479E+00
        c4  = -1.038505910E+00   c6  =  2.859579181E+00
        c8  = -1.667226960E+00   c10 =  4.210046230E-01
        c12 = -4.033079063E-02
      Residues:
        c2**2 + c4(2l+5)    =  8.759081833E-11
        norm[AE] - norm[PP] =  6.157363354E-01

      Iteration number:  33
      Coefficients:
        c0  = -8.899453310E+00   c2  = -2.773168062E+00
        c4  = -7.897670332E-01   c6  =  2.312503365E+00
        c8  = -1.351643355E+00   c10 =  3.412164265E-01
        c12 = -3.266615056E-02
      Residues:
        c2**2 + c4(2l+5)    =  5.607785035E-11
        norm[AE] - norm[PP] =  5.825578007E-01

      Iteration number:  34
      Coefficients:
        c0  = -9.230418551E+00   c2  = -2.422727078E+00
        c4  = -5.878870230E-01   c6  =  1.842495133E+00
        c8  = -1.078182066E+00   c10 =  2.718380859E-01
        c12 = -2.598901418E-02
      Residues:
        c2**2 + c4(2l+5)    =  3.614522874E-11
        norm[AE] - norm[PP] =  5.786232877E-01

      Iteration number:  35
      Coefficients:
        c0  = -9.544267943E+00   c2  = -2.080404152E+00
        c4  = -4.186805121E-01   c6  =  1.416556272E+00
        c8  = -8.276463336E-01   c10 =  2.079995357E-01
        c12 = -1.983068718E-02
      Residues:
        c2**2 + c4(2l+5)    =  2.203737002E-11
        norm[AE] - norm[PP] =  5.599568267E-01

      Iteration number:  36
      Coefficients:
        c0  = -9.822778941E+00   c2  = -1.766800968E+00
        c4  = -2.903587067E-01   c6  =  1.057983475E+00
        c8  = -6.139453200E-01   c10 =  1.532657114E-01
        c12 = -1.453614219E-02
      Residues:
        c2**2 + c4(2l+5)    =  1.229694751E-11
        norm[AE] - norm[PP] =  5.083572982E-01

      Iteration number:  37
      Coefficients:
        c0  = -1.021267506E+01   c2  = -1.312460509E+00
        c4  = -1.447564065E-01   c6  =  5.862635747E-01
        c8  = -3.282263344E-01   c10 =  7.963051057E-02
        c12 = -7.389778096E-03
      Residues:
        c2**2 + c4(2l+5)    =  1.755698416E-12
        norm[AE] - norm[PP] =  4.197449286E-01

      Iteration number:  38
      Coefficients:
        c0  = -1.032244559E+01   c2  = -1.170680339E+00
        c4  = -1.345774494E-01   c6  =  4.808464271E-01
        c8  = -2.599588942E-01   c10 =  6.160458503E-02
        c12 = -5.618265706E-03
      Residues:
        c2**2 + c4(2l+5)    = -6.244194238E-13
        norm[AE] - norm[PP] =  1.592954109E-01

      Iteration number:  39
      Coefficients:
        c0  = -1.031777246E+01   c2  = -1.170732031E+00
        c4  = -1.483088686E-01   c6  =  4.971547381E-01
        c8  = -2.681187224E-01   c10 =  6.353943885E-02
        c12 = -5.797456188E-03
      Residues:
        c2**2 + c4(2l+5)    = -4.757243597E-13
        norm[AE] - norm[PP] =  3.583367160E-02

      Iteration number:  40
      Coefficients:
        c0  = -1.029663251E+01   c2  = -1.194360680E+00
        c4  = -1.584376626E-01   c6  =  5.247171928E-01
        c8  = -2.844929427E-01   c10 =  6.772805322E-02
        c12 = -6.202364057E-03
      Residues:
        c2**2 + c4(2l+5)    =  3.268793515E-15
        norm[AE] - norm[PP] =  5.584708337E-04

      Iteration number:  41
      Coefficients:
        c0  = -1.029679054E+01   c2  = -1.194147243E+00
        c4  = -1.584437229E-01   c6  =  5.245838409E-01
        c8  = -2.844028444E-01   c10 =  6.770392059E-02
        c12 = -6.199975332E-03
      Residues:
        c2**2 + c4(2l+5)    = -2.113858422E-17
        norm[AE] - norm[PP] = -5.867218149E-06

      Iteration number:  42
      Coefficients:
        c0  = -1.029678949E+01   c2  = -1.194148761E+00
        c4  = -1.584434732E-01   c6  =  5.245845440E-01
        c8  = -2.844033625E-01   c10 =  6.770406313E-02
        c12 = -6.199989627E-03
      Residues:
        c2**2 + c4(2l+5)    = -9.984845475E-21
        norm[AE] - norm[PP] =  4.110119356E-09

      Iteration number:  43
      Coefficients:
        c0  = -1.029678949E+01   c2  = -1.194148761E+00
        c4  = -1.584434737E-01   c6  =  5.245845448E-01
        c8  = -2.844033629E-01   c10 =  6.770406323E-02
        c12 = -6.199989637E-03
      Residues:
        c2**2 + c4(2l+5)    =  2.949415872E-23
        norm[AE] - norm[PP] = -1.313993359E-11

    Coefficients:
      c0  = -1.029678949E+01   c2  = -1.194148761E+00
      c4  = -1.584434737E-01   c6  =  5.245845448E-01
      c8  = -2.844033629E-01   c10 =  6.770406323E-02
      c12 = -6.199989637E-03
    Residues:
      c2**2 + c4(2l+5)    =  2.949415872E-23
      norm[AE] - norm[PP] = -1.313993359E-11

  State: 4f
    Scheme: Troullier-Martins
    Core radius:   1.900
      Iteration number:   1
      Coefficients:
        c0  = -1.578651158E+00   c2  = -1.268395812E+01
        c4  = -1.370161896E+00   c6  =  4.189203633E+00
        c8  = -1.632234997E+00   c10 =  2.651388541E-01
        c12 = -1.612892660E-02
      Residues:
        c2**2 + c4(2l+5)    =  1.149462001E-07
        norm[AE] - norm[PP] =  1.458110127E+02

      Iteration number:   2
      Coefficients:
        c0  = -2.357028786E+00   c2  = -9.169774893E+00
        c4  = -5.341535869E+00   c6  =  6.223960071E+00
        c8  = -2.172963823E+00   c10 =  3.381276984E-01
        c12 = -2.010229398E-02
      Residues:
        c2**2 + c4(2l+5)    =  6.887129469E-08
        norm[AE] - norm[PP] =  2.532787703E+01

      Iteration number:   3
      Coefficients:
        c0  = -2.951990254E+00   c2  = -7.514752969E+00
        c4  = -6.949006939E+00   c6  =  6.988061667E+00
        c8  = -2.367110513E+00   c10 =  3.635622148E-01
        c12 = -2.145764644E-02
      Residues:
        c2**2 + c4(2l+5)    =  3.691276002E-08
        norm[AE] - norm[PP] = -1.996756415E+01

      Iteration number:   4
      Coefficients:
        c0  = -3.404638947E+00   c2  = -7.985142832E+00
        c4  = -5.776496949E+00   c6  =  6.242257336E+00
        c8  = -2.147190434E+00   c10 =  3.319949395E-01
        c12 = -1.966786458E-02
      Residues:
        c2**2 + c4(2l+5)    =  1.358242249E-08
        norm[AE] - norm[PP] =  2.210396199E-01

      Iteration number:   5
      Coefficients:
        c0  = -3.595061202E+00   c2  = -7.898890324E+00
        c4  = -5.676783469E+00   c6  =  6.146538550E+00
        c8  = -2.115069459E+00   c10 =  3.270801723E-01
        c12 = -1.937837134E-02
      Residues:
        c2**2 + c4(2l+5)    =  9.749807528E-09
        norm[AE] - norm[PP] = -5.214980453E-02

      Iteration number:   6
      Coefficients:
        c0  = -3.826976041E+00   c2  = -7.805686131E+00
        c4  = -5.538940227E+00   c6  =  6.020875642E+00
        c8  = -2.073432163E+00   c10 =  3.207458410E-01
        c12 = -1.900648252E-02
      Residues:
        c2**2 + c4(2l+5)    =  6.492312748E-09
        norm[AE] - norm[PP] =  3.934764970E-04

      Iteration number:   7
      Coefficients:
        c0  = -4.398855422E+00   c2  = -7.570937414E+00
        c4  = -5.205841465E+00   c6  =  5.714775591E+00
        c8  = -1.971803645E+00   c10 =  3.052707337E-01
        c12 = -1.809745958E-02
      Residues:
        c2**2 + c4(2l+5)    =  2.395599536E-09
        norm[AE] - norm[PP] =  5.483722336E-02

      Iteration number:   8
      Coefficients:
        c0  = -4.734075668E+00   c2  = -7.430521774E+00
        c4  = -5.014483097E+00   c6  =  5.537505976E+00
        c8  = -1.912829527E+00   c10 =  2.962824381E-01
        c12 = -1.756920183E-02
      Residues:
        c2**2 + c4(2l+5)    =  1.340562885E-09
        norm[AE] - norm[PP] =  5.333976253E-02

      Iteration number:   9
      Coefficients:
        c0  = -4.961056764E+00   c2  = -7.334558651E+00
        c4  = -4.886139847E+00   c6  =  5.418154930E+00
        c8  = -1.873085920E+00   c10 =  2.902224613E-01
        c12 = -1.721295853E-02
      Residues:
        c2**2 + c4(2l+5)    =  9.063034784E-10
        norm[AE] - norm[PP] =  4.821227882E-02

      Iteration number:  10
      Coefficients:
        c0  = -5.202416673E+00   c2  = -7.231899058E+00
        c4  = -4.750521414E+00   c6  =  5.291716973E+00
        c8  = -1.830955864E+00   c10 =  2.837967729E-01
        c12 = -1.683515490E-02
      Residues:
        c2**2 + c4(2l+5)    =  5.985738524E-10
        norm[AE] - norm[PP] =  4.462843387E-02

      Iteration number:  11
      Coefficients:
        c0  = -5.434058270E+00   c2  = -7.132773677E+00
        c4  = -4.621193767E+00   c6  =  5.170829926E+00
        c8  = -1.790649566E+00   c10 =  2.776474588E-01
        c12 = -1.647354104E-02
      Residues:
        c2**2 + c4(2l+5)    =  4.025771365E-10
        norm[AE] - norm[PP] =  4.332888893E-02

      Iteration number:  12
      Coefficients:
        c0  = -5.664637524E+00   c2  = -7.033468668E+00
        c4  = -4.493337674E+00   c6  =  5.050983954E+00
        c8  = -1.750662929E+00   c10 =  2.715450183E-01
        c12 = -1.611462004E-02
      Residues:
        c2**2 + c4(2l+5)    =  2.716564598E-10
        norm[AE] - norm[PP] =  4.296708758E-02

      Iteration number:  13
      Coefficients:
        c0  = -5.790277560E+00   c2  = -6.979002850E+00
        c4  = -4.424162903E+00   c6  =  4.985954129E+00
        c8  = -1.728950256E+00   c10 =  2.682303374E-01
        c12 = -1.591962810E-02
      Residues:
        c2**2 + c4(2l+5)    =  2.193981204E-10
        norm[AE] - norm[PP] =  4.068884452E-02

      Iteration number:  14
      Coefficients:
        c0  = -6.036766947E+00   c2  = -6.871682275E+00
        c4  = -4.289096074E+00   c6  =  4.858731457E+00
        c8  = -1.686451814E+00   c10 =  2.617410764E-01
        c12 = -1.553783893E-02
      Residues:
        c2**2 + c4(2l+5)    =  1.444726906E-10
        norm[AE] - norm[PP] =  3.996046744E-02

      Iteration number:  15
      Coefficients:
        c0  = -6.155440356E+00   c2  = -6.819705870E+00
        c4  = -4.224491979E+00   c6  =  4.797714678E+00
        c8  = -1.666055887E+00   c10 =  2.586258145E-01
        c12 = -1.535452466E-02
      Residues:
        c2**2 + c4(2l+5)    =  1.182298880E-10
        norm[AE] - norm[PP] =  3.897638487E-02

      Iteration number:  16
      Coefficients:
        c0  = -6.288329006E+00   c2  = -6.761231149E+00
        c4  = -4.152526522E+00   c6  =  4.729598011E+00
        c8  = -1.643274732E+00   c10 =  2.551454103E-01
        c12 = -1.514969637E-02
      Residues:
        c2**2 + c4(2l+5)    =  9.451153451E-11
        norm[AE] - norm[PP] =  3.645491024E-02

      Iteration number:  17
      Coefficients:
        c0  = -6.415331161E+00   c2  = -6.705146475E+00
        c4  = -4.084026129E+00   c6  =  4.664652273E+00
        c8  = -1.621545250E+00   c10 =  2.518250688E-01
        c12 = -1.495426774E-02
      Residues:
        c2**2 + c4(2l+5)    =  7.634604132E-11
        norm[AE] - norm[PP] =  3.470182688E-02

      Iteration number:  18
      Coefficients:
        c0  = -6.539799449E+00   c2  = -6.649980212E+00
        c4  = -4.017170191E+00   c6  =  4.601156184E+00
        c8  = -1.600291931E+00   c10 =  2.485768771E-01
        c12 = -1.476306529E-02
      Residues:
        c2**2 + c4(2l+5)    =  6.196829394E-11
        norm[AE] - norm[PP] =  3.336472620E-02

      Iteration number:  19
      Coefficients:
        c0  = -6.661980473E+00   c2  = -6.595630968E+00
        c4  = -3.951815298E+00   c6  =  4.538977877E+00
        c8  = -1.579470985E+00   c10 =  2.453941669E-01
        c12 = -1.457569731E-02
      Residues:
        c2**2 + c4(2l+5)    =  5.051812269E-11
        norm[AE] - norm[PP] =  3.237959305E-02

      Iteration number:  20
      Coefficients:
        c0  = -6.782424087E+00   c2  = -6.541859839E+00
        c4  = -3.887659458E+00   c6  =  4.477833166E+00
        c8  = -1.558987505E+00   c10 =  2.422624476E-01
        c12 = -1.439131130E-02
      Residues:
        c2**2 + c4(2l+5)    =  4.132522515E-11
        norm[AE] - norm[PP] =  3.167610672E-02

      Iteration number:  21
      Coefficients:
        c0  = -6.901561648E+00   c2  = -6.488478278E+00
        c4  = -3.824467321E+00   c6  =  4.417499975E+00
        c8  = -1.538767272E+00   c10 =  2.391703846E-01
        c12 = -1.420924034E-02
      Residues:
        c2**2 + c4(2l+5)    =  3.389680428E-11
        norm[AE] - norm[PP] =  3.120983516E-02

      Iteration number:  22
      Coefficients:
        c0  = -7.019785063E+00   c2  = -6.435313148E+00
        c4  = -3.762027605E+00   c6  =  4.357777948E+00
        c8  = -1.518743250E+00   c10 =  2.361077340E-01
        c12 = -1.402888149E-02
      Residues:
        c2**2 + c4(2l+5)    =  2.786085971E-11
        norm[AE] - norm[PP] =  3.095165924E-02

      Iteration number:  23
      Coefficients:
        c0  = -7.137458496E+00   c2  = -6.382201651E+00
        c4  = -3.700146636E+00   c6  =  4.298482379E+00
        c8  = -1.498853552E+00   c10 =  2.330650335E-01
        c12 = -1.384967759E-02
      Residues:
        c2**2 + c4(2l+5)    =  2.293306877E-11
        norm[AE] - norm[PP] =  3.088491323E-02

      Iteration number:  24
      Coefficients:
        c0  = -7.201828060E+00   c2  = -6.353041766E+00
        c4  = -3.666444659E+00   c6  =  4.266128628E+00
        c8  = -1.487996239E+00   c10 =  2.314037668E-01
        c12 = -1.375182408E-02
      Residues:
        c2**2 + c4(2l+5)    =  2.062182184E-11
        norm[AE] - norm[PP] =  3.024842993E-02

      Iteration number:  25
      Coefficients:
        c0  = -7.324671238E+00   c2  = -6.297237717E+00
        c4  = -3.602342588E+00   c6  =  4.204503659E+00
        c8  = -1.467309079E+00   c10 =  2.282379664E-01
        c12 = -1.356533309E-02
      Residues:
        c2**2 + c4(2l+5)    =  1.684557504E-11
        norm[AE] - norm[PP] =  2.943439831E-02

      Iteration number:  26
      Coefficients:
        c0  = -7.386958382E+00   c2  = -6.268857338E+00
        c4  = -3.569957837E+00   c6  =  4.173322309E+00
        c8  = -1.456837838E+00   c10 =  2.266352670E-01
        c12 = -1.347091248E-02
      Residues:
        c2**2 + c4(2l+5)    =  1.520727309E-11
        norm[AE] - norm[PP] =  2.903612373E-02

      Iteration number:  27
      Coefficients:
        c0  = -7.507464284E+00   c2  = -6.213798412E+00
        c4  = -3.507513956E+00   c6  =  4.113112813E+00
        c8  = -1.436611586E+00   c10 =  2.235390225E-01
        c12 = -1.328848621E-02
      Residues:
        c2**2 + c4(2l+5)    =  1.248211754E-11
        norm[AE] - norm[PP] =  2.863718542E-02

      Iteration number:  28
      Coefficients:
        c0  = -7.568810518E+00   c2  = -6.185685646E+00
        c4  = -3.475841540E+00   c6  =  4.082526106E+00
        c8  = -1.426332767E+00   c10 =  2.219652763E-01
        c12 = -1.319575468E-02
      Residues:
        c2**2 + c4(2l+5)    =  1.129106230E-11
        norm[AE] - norm[PP] =  2.844997049E-02

      Iteration number:  29
      Coefficients:
        c0  = -7.688156962E+00   c2  = -6.130841534E+00
        c4  = -3.414434673E+00   c6  =  4.023137585E+00
        c8  = -1.406368066E+00   c10 =  2.189080945E-01
        c12 = -1.301559732E-02
      Residues:
        c2**2 + c4(2l+5)    =  9.294197053E-12
        norm[AE] - norm[PP] =  2.843650914E-02

      Iteration number:  30
      Coefficients:
        c0  = -8.302639661E+00   c2  = -5.846870250E+00
        c4  = -3.100474620E+00   c6  =  3.718585002E+00
        c8  = -1.303913958E+00   c10 =  2.032144082E-01
        c12 = -1.209061500E-02
      Residues:
        c2**2 + c4(2l+5)    =  3.446814036E-12
        norm[AE] - norm[PP] =  8.067090557E-02

      Iteration number:  31
      Coefficients:
        c0  = -8.666310910E+00   c2  = -5.674748559E+00
        c4  = -2.920283230E+00   c6  =  3.541454576E+00
        c8  = -1.244140793E+00   c10 =  1.940458342E-01
        c12 = -1.154979863E-02
      Residues:
        c2**2 + c4(2l+5)    =  1.935257714E-12
        norm[AE] - norm[PP] =  7.965568425E-02

      Iteration number:  32
      Coefficients:
        c0  = -8.912397388E+00   c2  = -5.556780053E+00
        c4  = -2.800427977E+00   c6  =  3.422745011E+00
        c8  = -1.204012414E+00   c10 =  1.878858226E-01
        c12 = -1.118628683E-02
      Residues:
        c2**2 + c4(2l+5)    =  1.315467238E-12
        norm[AE] - norm[PP] =  7.309681736E-02

      Iteration number:  33
      Coefficients:
        c0  = -9.175740891E+00   c2  = -5.429461271E+00
        c4  = -2.673660339E+00   c6  =  3.296537744E+00
        c8  = -1.161299059E+00   c10 =  1.813255606E-01
        c12 = -1.079904112E-02
      Residues:
        c2**2 + c4(2l+5)    =  8.740323533E-13
        norm[AE] - norm[PP] =  6.878596380E-02

      Iteration number:  34
      Coefficients:
        c0  = -9.430103698E+00   c2  = -5.305425820E+00
        c4  = -2.552681969E+00   c6  =  3.175446749E+00
        c8  = -1.120267348E+00   c10 =  1.750201851E-01
        c12 = -1.042672806E-02
      Residues:
        c2**2 + c4(2l+5)    =  5.915628471E-13
        norm[AE] - norm[PP] =  6.804147225E-02

      Iteration number:  35
      Coefficients:
        c0  = -9.569453483E+00   c2  = -5.236850838E+00
        c4  = -2.487269001E+00   c6  =  3.109586903E+00
        c8  = -1.097921133E+00   c10 =  1.715842144E-01
        c12 = -1.022377762E-02
      Residues:
        c2**2 + c4(2l+5)    =  4.786698595E-13
        norm[AE] - norm[PP] =  6.464768033E-02

      Iteration number:  36
      Coefficients:
        c0  = -9.843645209E+00   c2  = -5.101085012E+00
        c4  = -2.359714521E+00   c6  =  2.980637830E+00
        c8  = -1.054128901E+00   c10 =  1.648479828E-01
        c12 = -9.825802620E-03
      Residues:
        c2**2 + c4(2l+5)    =  3.169651042E-13
        norm[AE] - norm[PP] =  6.420856907E-02

      Iteration number:  37
      Coefficients:
        c0  = -9.975898757E+00   c2  = -5.035046780E+00
        c4  = -2.298955847E+00   c6  =  2.918864904E+00
        c8  = -1.033123712E+00   c10 =  1.616151111E-01
        c12 = -9.634745434E-03
      Residues:
        c2**2 + c4(2l+5)    =  2.604099739E-13
        norm[AE] - norm[PP] =  6.318175956E-02

      Iteration number:  38
      Coefficients:
        c0  = -1.012420187E+01   c2  = -4.960491948E+00
        c4  = -2.231519896E+00   c6  =  2.849981184E+00
        c8  = -1.009676272E+00   c10 =  1.580047112E-01
        c12 = -9.421322281E-03
      Residues:
        c2**2 + c4(2l+5)    =  2.093035666E-13
        norm[AE] - norm[PP] =  5.976150679E-02

      Iteration number:  39
      Coefficients:
        c0  = -1.026669432E+01   c2  = -4.888481251E+00
        c4  = -2.167248326E+00   c6  =  2.784085692E+00
        c8  = -9.872276624E-01   c10 =  1.545468697E-01
        c12 = -9.216876188E-03
      Residues:
        c2**2 + c4(2l+5)    =  1.700030429E-13
        norm[AE] - norm[PP] =  5.751735859E-02

      Iteration number:  40
      Coefficients:
        c0  = -1.040690315E+01   c2  = -4.817245055E+00
        c4  = -2.104532484E+00   c6  =  2.719537500E+00
        c8  = -9.652194967E-01   c10 =  1.511556185E-01
        c12 = -9.016325656E-03
      Residues:
        c2**2 + c4(2l+5)    =  1.388138402E-13
        norm[AE] - norm[PP] =  5.599259016E-02

      Iteration number:  41
      Coefficients:
        c0  = -1.054522124E+01   c2  = -4.746591762E+00
        c4  = -2.043185539E+00   c6  =  2.656149591E+00
        c8  = -9.435884026E-01   c10 =  1.478212190E-01
        c12 = -8.819095657E-03
      Residues:
        c2**2 + c4(2l+5)    =  1.138833567E-13
        norm[AE] - norm[PP] =  5.509243351E-02

      Iteration number:  42
      Coefficients:
        c0  = -1.068234219E+01   c2  = -4.676170428E+00
        c4  = -1.982895245E+00   c6  =  2.593601549E+00
        c8  = -9.222252028E-01   c10 =  1.445268530E-01
        c12 = -8.624191750E-03
      Residues:
        c2**2 + c4(2l+5)    =  9.378197153E-14
        norm[AE] - norm[PP] =  5.472217442E-02

      Iteration number:  43
      Coefficients:
        c0  = -1.075718318E+01   c2  = -4.637524041E+00
        c4  = -1.950279819E+00   c6  =  2.559623976E+00
        c8  = -9.106097971E-01   c10 =  1.427349683E-01
        c12 = -8.518155567E-03
      Residues:
        c2**2 + c4(2l+5)    =  8.442707184E-14
        norm[AE] - norm[PP] =  5.355122512E-02

      Iteration number:  44
      Coefficients:
        c0  = -1.089996304E+01   c2  = -4.563489066E+00
        c4  = -1.888481131E+00   c6  =  2.495037408E+00
        c8  = -8.885153089E-01   c10 =  1.393254709E-01
        c12 = -8.316361840E-03
      Residues:
        c2**2 + c4(2l+5)    =  6.921507363E-14
        norm[AE] - norm[PP] =  5.214000684E-02

      Iteration number:  45
      Coefficients:
        c0  = -1.097226458E+01   c2  = -4.525829678E+00
        c4  = -1.857421586E+00   c6  =  2.462461600E+00
        c8  = -8.773629655E-01   c10 =  1.376039352E-01
        c12 = -8.214452575E-03
      Residues:
        c2**2 + c4(2l+5)    =  6.264942969E-14
        norm[AE] - norm[PP] =  5.149683125E-02

      Iteration number:  46
      Coefficients:
        c0  = -1.111218338E+01   c2  = -4.452647218E+00
        c4  = -1.797735227E+00   c6  =  2.399653441E+00
        c8  = -8.558453419E-01   c10 =  1.342813356E-01
        c12 = -8.017731669E-03
      Residues:
        c2**2 + c4(2l+5)    =  5.175566324E-14
        norm[AE] - norm[PP] =  5.097974817E-02

      Iteration number:  47
      Coefficients:
        c0  = -1.118338619E+01   c2  = -4.415237227E+00
        c4  = -1.767594891E+00   c6  =  2.367820434E+00
        c8  = -8.449311071E-01   c10 =  1.325954671E-01
        c12 = -7.917897705E-03
      Residues:
        c2**2 + c4(2l+5)    =  4.700694991E-14
        norm[AE] - norm[PP] =  5.077597096E-02

      Iteration number:  48
      Coefficients:
        c0  = -1.125933130E+01   c2  = -4.375167172E+00
        c4  = -1.735680456E+00   c6  =  2.333996530E+00
        c8  = -8.333257634E-01   c10 =  1.308022747E-01
        c12 = -7.811689303E-03
      Residues:
        c2**2 + c4(2l+5)    =  4.245336045E-14
        norm[AE] - norm[PP] =  4.960276809E-02

      Iteration number:  49
      Coefficients:
        c0  = -1.133410929E+01   c2  = -4.335583226E+00
        c4  = -1.704436098E+00   c6  =  2.300791943E+00
        c8  = -8.219263356E-01   c10 =  1.290404581E-01
        c12 = -7.707324628E-03
      Residues:
        c2**2 + c4(2l+5)    =  3.843032574E-14
        norm[AE] - norm[PP] =  4.848483668E-02

      Iteration number:  50
      Coefficients:
        c0  = -1.140795786E+01   c2  = -4.296368389E+00
        c4  = -1.673750275E+00   c6  =  2.268094349E+00
        c8  = -8.106947115E-01   c10 =  1.273041568E-01
        c12 = -7.604457530E-03
      Residues:
        c2**2 + c4(2l+5)    =  3.485802789E-14
        norm[AE] - norm[PP] =  4.752831039E-02

      Iteration number:  51
      Coefficients:
        c0  = -1.148094999E+01   c2  = -4.257488012E+00
        c4  = -1.643586971E+00   c6  =  2.235868282E+00
        c8  = -7.996189179E-01   c10 =  1.255915340E-01
        c12 = -7.502979651E-03
      Residues:
        c2**2 + c4(2l+5)    =  3.167750809E-14
        norm[AE] - norm[PP] =  4.674749734E-02

      Iteration number:  52
      Coefficients:
        c0  = -1.155321087E+01   c2  = -4.218878099E+00
        c4  = -1.613890736E+00   c6  =  2.204056413E+00
        c8  = -7.886793889E-01   c10 =  1.238995734E-01
        c12 = -7.402712571E-03
      Residues:
        c2**2 + c4(2l+5)    =  2.883653483E-14
        norm[AE] - norm[PP] =  4.613431134E-02

      Iteration number:  53
      Coefficients:
        c0  = -1.162486483E+01   c2  = -4.180474187E+00
        c4  = -1.584607756E+00   c6  =  2.172602501E+00
        c8  = -7.778568849E-01   c10 =  1.222253062E-01
        c12 = -7.303480576E-03
      Residues:
        c2**2 + c4(2l+5)    =  2.629092122E-14
        norm[AE] - norm[PP] =  4.567911247E-02

      Iteration number:  54
      Coefficients:
        c0  = -1.169603229E+01   c2  = -4.142213146E+00
        c4  = -1.555686854E+00   c6  =  2.141452595E+00
        c8  = -7.671329158E-01   c10 =  1.205658767E-01
        c12 = -7.205114576E-03
      Residues:
        c2**2 + c4(2l+5)    =  2.400325175E-14
        norm[AE] - norm[PP] =  4.537435244E-02

      Iteration number:  55
      Coefficients:
        c0  = -1.176683005E+01   c2  = -4.104033088E+00
        c4  = -1.527079307E+00   c6  =  2.110554875E+00
        c8  = -7.564896881E-01   c10 =  1.189185347E-01
        c12 = -7.107451651E-03
      Residues:
        c2**2 + c4(2l+5)    =  2.194171875E-14
        norm[AE] - norm[PP] =  4.521520365E-02

      Iteration number:  56
      Coefficients:
        c0  = -1.183737269E+01   c2  = -4.065872638E+00
        c4  = -1.498738246E+00   c6  =  2.079859020E+00
        c8  = -7.459098896E-01   c10 =  1.172806021E-01
        c12 = -7.010333073E-03
      Residues:
        c2**2 + c4(2l+5)    =  2.007914911E-14
        norm[AE] - norm[PP] =  4.519960089E-02

      Iteration number:  57
      Coefficients:
        c0  = -1.263673382E+01   c2  = -3.630821500E+00
        c4  = -1.181234247E+00   c6  =  1.734045557E+00
        c8  = -6.265833113E-01   c10 =  9.879769300E-02
        c12 = -5.914117162E-03
      Residues:
        c2**2 + c4(2l+5)    =  7.757697344E-15
        norm[AE] - norm[PP] =  1.892880511E-01

      Iteration number:  58
      Coefficients:
        c0  = -1.290536541E+01   c2  = -3.478278244E+00
        c4  = -1.083316942E+00   c6  =  1.622697826E+00
        c8  = -5.878304885E-01   c10 =  9.277304366E-02
        c12 = -5.556067435E-03
      Residues:
        c2**2 + c4(2l+5)    =  5.780710222E-15
        norm[AE] - norm[PP] =  1.819331742E-01

      Iteration number:  59
      Coefficients:
        c0  = -1.328047766E+01   c2  = -3.262027264E+00
        c4  = -9.510778112E-01   c6  =  1.469701867E+00
        c8  = -5.344059456E-01   c10 =  8.445578916E-02
        c12 = -5.061381744E-03
      Residues:
        c2**2 + c4(2l+5)    =  3.912613577E-15
        norm[AE] - norm[PP] =  1.789659463E-01

      Iteration number:  60
      Coefficients:
        c0  = -1.347182817E+01   c2  = -3.149942577E+00
        c4  = -8.860745491E-01   c6  =  1.393015811E+00
        c8  = -5.075298677E-01   c10 =  8.026519088E-02
        c12 = -4.811924782E-03
      Residues:
        c2**2 + c4(2l+5)    =  3.234933481E-15
        norm[AE] - norm[PP] =  1.753182008E-01

      Iteration number:  61
      Coefficients:
        c0  = -1.368329011E+01   c2  = -3.024542688E+00
        c4  = -8.163650543E-01   c6  =  1.309447567E+00
        c8  = -4.781552817E-01   c10 =  7.567933508E-02
        c12 = -4.538752583E-03
      Residues:
        c2**2 + c4(2l+5)    =  2.638994777E-15
        norm[AE] - norm[PP] =  1.678428731E-01

      Iteration number:  62
      Coefficients:
        c0  = -1.388752589E+01   c2  = -2.902198226E+00
        c4  = -7.507410100E-01   c6  =  1.229678714E+00
        c8  = -4.500458983E-01   c10 =  7.128639430E-02
        c12 = -4.276921169E-03
      Residues:
        c2**2 + c4(2l+5)    =  2.180712521E-15
        norm[AE] - norm[PP] =  1.646034323E-01

      Iteration number:  63
      Coefficients:
        c0  = -1.408944854E+01   c2  = -2.779947581E+00
        c4  = -6.876494366E-01   c6  =  1.151804565E+00
        c8  = -4.225294624E-01   c10 =  6.698123842E-02
        c12 = -4.020162203E-03
      Residues:
        c2**2 + c4(2l+5)    =  1.815154122E-15
        norm[AE] - norm[PP] =  1.639647486E-01

      Iteration number:  64
      Coefficients:
        c0  = -1.419906391E+01   c2  = -2.712853952E+00
        c4  = -6.544091701E-01   c6  =  1.110089232E+00
        c8  = -4.077468669E-01   c10 =  6.466560734E-02
        c12 = -3.881967307E-03
      Residues:
        c2**2 + c4(2l+5)    =  1.646262640E-15
        norm[AE] - norm[PP] =  1.610756951E-01

      Iteration number:  65
      Coefficients:
        c0  = -1.440827082E+01   c2  = -2.583725849E+00
        c4  = -5.924589555E-01   c6  =  1.031299085E+00
        c8  = -3.797622419E-01   c10 =  6.027778397E-02
        c12 = -3.619970204E-03
      Residues:
        c2**2 + c4(2l+5)    =  1.370482306E-15
        norm[AE] - norm[PP] =  1.585907533E-01

      Iteration number:  66
      Coefficients:
        c0  = -1.451394309E+01   c2  = -2.517891138E+00
        c4  = -5.620135522E-01   c6  =  9.919702901E-01
        c8  = -3.657568230E-01   c10 =  5.807944206E-02
        c12 = -3.488629630E-03
      Residues:
        c2**2 + c4(2l+5)    =  1.250861479E-15
        norm[AE] - norm[PP] =  1.576267094E-01

      Iteration number:  67
      Coefficients:
        c0  = -1.462600177E+01   c2  = -2.447464804E+00
        c4  = -5.305769612E-01   c6  =  9.507348767E-01
        c8  = -3.510352376E-01   c10 =  5.576628344E-02
        c12 = -3.350350930E-03
      Residues:
        c2**2 + c4(2l+5)    =  1.136291455E-15
        norm[AE] - norm[PP] =  1.537373941E-01

      Iteration number:  68
      Coefficients:
        c0  = -1.473598787E+01   c2  = -2.377875707E+00
        c4  = -5.003662959E-01   c6  =  9.106191885E-01
        c8  = -3.366848424E-01   c10 =  5.350960685E-02
        c12 = -3.215388709E-03
      Residues:
        c2**2 + c4(2l+5)    =  1.034608098E-15
        norm[AE] - norm[PP] =  1.502636248E-01

      Iteration number:  69
      Coefficients:
        c0  = -1.484410199E+01   c2  = -2.309019270E+00
        c4  = -4.712955376E-01   c6  =  8.715329354E-01
        c8  = -3.226747210E-01   c10 =  5.130463953E-02
        c12 = -3.083460426E-03
      Residues:
        c2**2 + c4(2l+5)    =  9.438349722E-16
        norm[AE] - norm[PP] =  1.473190737E-01

      Iteration number:  70
      Coefficients:
        c0  = -1.495047548E+01   c2  = -2.240823695E+00
        c4  = -4.433129226E-01   c6  =  8.334195164E-01
        c8  = -3.089853272E-01   c10 =  4.914835286E-02
        c12 = -2.954386418E-03
      Residues:
        c2**2 + c4(2l+5)    =  8.624003234E-16
        norm[AE] - norm[PP] =  1.448486860E-01

      Iteration number:  71
      Coefficients:
        c0  = -1.505526049E+01   c2  = -2.173200679E+00
        c4  = -4.163656314E-01   c6  =  7.962173277E-01
        c8  = -2.955951168E-01   c10 =  4.703739062E-02
        c12 = -2.827966997E-03
      Residues:
        c2**2 + c4(2l+5)    =  7.889819115E-16
        norm[AE] - norm[PP] =  1.427792458E-01

      Iteration number:  72
      Coefficients:
        c0  = -1.515858795E+01   c2  = -2.106073594E+00
        c4  = -3.904091086E-01   c6  =  7.598738571E-01
        c8  = -2.824856893E-01   c10 =  4.496888397E-02
        c12 = -2.704031395E-03
      Residues:
        c2**2 + c4(2l+5)    =  7.224885374E-16
        norm[AE] - norm[PP] =  1.410457897E-01

      Iteration number:  73
      Coefficients:
        c0  = -1.526056741E+01   c2  = -2.039378050E+00
        c4  = -3.654064381E-01   c6  =  7.243453655E-01
        c8  = -2.696417032E-01   c10 =  4.294044002E-02
        c12 = -2.582437140E-03
      Residues:
        c2**2 + c4(2l+5)    =  6.620145699E-16
        norm[AE] - norm[PP] =  1.395920098E-01

      Iteration number:  74
      Coefficients:
        c0  = -1.536128894E+01   c2  = -1.973061018E+00
        c4  = -3.413273940E-01   c6  =  6.895959617E-01
        c8  = -2.570505646E-01   c10 =  4.095009409E-02
        c12 = -2.463067249E-03
      Residues:
        c2**2 + c4(2l+5)    =  6.068033612E-16
        norm[AE] - norm[PP] =  1.383684447E-01

      Iteration number:  75
      Coefficients:
        c0  = -1.546082496E+01   c2  = -1.907079942E+00
        c4  = -3.181475590E-01   c6  =  6.555967241E-01
        c8  = -2.447021298E-01   c10 =  3.899626406E-02
        c12 = -2.345827524E-03
      Residues:
        c2**2 + c4(2l+5)    =  5.562186861E-16
        norm[AE] - norm[PP] =  1.373307542E-01

      Iteration number:  76
      Coefficients:
        c0  = -1.555923172E+01   c2  = -1.841402068E+00
        c4  = -2.958475711E-01   c6  =  6.223249724E-01
        c8  = -2.325884607E-01   c10 =  3.707771288E-02
        c12 = -2.230644350E-03
      Residues:
        c2**2 + c4(2l+5)    =  5.097224354E-16
        norm[AE] - norm[PP] =  1.364382953E-01

      Iteration number:  77
      Coefficients:
        c0  = -1.565655034E+01   c2  = -1.776004000E+00
        c4  = -2.744124780E-01   c6  =  5.897636771E-01
        c8  = -2.207036286E-01   c10 =  3.519351872E-02
        c12 = -2.117462937E-03
      Residues:
        c2**2 + c4(2l+5)    =  4.668570640E-16
        norm[AE] - norm[PP] =  1.356529514E-01

      Iteration number:  78
      Coefficients:
        c0  = -1.575280768E+01   c2  = -1.710871453E+00
        c4  = -2.538311801E-01   c6  =  5.579009852E-01
        c8  = -2.090435601E-01   c10 =  3.334305178E-02
        c12 = -2.006245968E-03
      Residues:
        c2**2 + c4(2l+5)    =  4.272316690E-16
        norm[AE] - norm[PP] =  1.349381461E-01

      Iteration number:  79
      Coefficients:
        c0  = -1.584801673E+01   c2  = -1.645999197E+00
        c4  = -2.340959424E-01   c6  =  5.267298457E-01
        c8  = -1.976059189E-01   c10 =  3.152595663E-02
        c12 = -1.896972578E-03
      Residues:
        c2**2 + c4(2l+5)    =  3.905108655E-16
        norm[AE] - norm[PP] =  1.342579901E-01

      Iteration number:  80
      Coefficients:
        c0  = -1.594217692E+01   c2  = -1.581391189E+00
        c4  = -2.152019613E-01   c6  =  4.962477220E-01
        c8  = -1.863900198E-01   c10 =  2.974213978E-02
        c12 = -1.789637638E-03
      Residues:
        c2**2 + c4(2l+5)    =  3.564058399E-16
        norm[AE] - norm[PP] =  1.335765186E-01

      Iteration number:  81
      Coefficients:
        c0  = -1.603527402E+01   c2  = -1.517060877E+00
        c4  = -1.971469743E-01   c6  =  4.664563826E-01
        c8  = -1.753967712E-01   c10 =  2.799176185E-02
        c12 = -1.684251333E-03
      Residues:
        c2**2 + c4(2l+5)    =  3.246671120E-16
        norm[AE] - norm[PP] =  1.328569883E-01

      Iteration number:  82
      Coefficients:
        c0  = -1.612727989E+01   c2  = -1.453031706E+00
        c4  = -1.799309029E-01   c6  =  4.373617663E-01
        c8  = -1.646286466E-01   c10 =  2.627523429E-02
        c12 = -1.580839000E-03
      Residues:
        c2**2 + c4(2l+5)    =  2.950786525E-16
        norm[AE] - norm[PP] =  1.320612077E-01

      Iteration number:  83
      Coefficients:
        c0  = -1.621815190E+01   c2  = -1.389337830E+00
        c4  = -1.635555202E-01   c6  =  4.089739183E-01
        c8  = -1.540896840E-01   c10 =  2.459322068E-02
        c12 = -1.479441256E-03
      Residues:
        c2**2 + c4(2l+5)    =  2.674530865E-16
        norm[AE] - norm[PP] =  1.311488830E-01

      Iteration number:  84
      Coefficients:
        c0  = -1.630783203E+01   c2  = -1.326025062E+00
        c4  = -1.480241367E-01   c6  =  3.813070027E-01
        c8  = -1.437855148E-01   c10 =  2.294664291E-02
        c12 = -1.380114417E-03
      Residues:
        c2**2 + c4(2l+5)    =  2.416277746E-16
        norm[AE] - norm[PP] =  1.300769610E-01

      Iteration number:  85
      Coefficients:
        c0  = -1.639624570E+01   c2  = -1.263152110E+00
        c4  = -1.333412993E-01   c6  =  3.543793942E-01
        c8  = -1.337234248E-01   c10 =  2.133669261E-02
        c12 = -1.282931242E-03
      Residues:
        c2**2 + c4(2l+5)    =  2.174616149E-16
        norm[AE] - norm[PP] =  1.287989619E-01

      Iteration number:  86
      Coefficients:
        c0  = -1.648330008E+01   c2  = -1.200792141E+00
        c4  = -1.195124975E-01   c6  =  3.282138622E-01
        c8  = -1.239124539E-01   c10 =  1.976484890E-02
        c12 = -1.187982062E-03
      Residues:
        c2**2 + c4(2l+5)    =  1.948324454E-16
        norm[AE] - norm[PP] =  1.272642927E-01

      Iteration number:  87
      Coefficients:
        c0  = -1.656888203E+01   c2  = -1.139034753E+00
        c4  = -1.065438747E-01   c6  =  3.028378622E-01
        c8  = -1.143635387E-01   c10 =  1.823290340E-02
        c12 = -1.095376362E-03
      Residues:
        c2**2 + c4(2l+5)    =  1.736349559E-16
        norm[AE] - norm[PP] =  1.254175457E-01

      Iteration number:  88
      Coefficients:
        c0  = -1.665285531E+01   c2  = -1.077988465E+00
        c4  = -9.444193956E-02   c6  =  2.782839591E-01
        c8  = -1.050897110E-01   c10 =  1.674299437E-02
        c12 = -1.005244916E-03
      Residues:
        c2**2 + c4(2l+5)    =  1.537790466E-16
        norm[AE] - norm[PP] =  1.231977963E-01

      Iteration number:  89
      Coefficients:
        c0  = -1.673505706E+01   c2  = -1.017783854E+00
        c4  = -8.321327638E-02   c6  =  2.545904150E-01
        c8  = -9.610636390E-02   c10 =  1.529765223E-02
        c12 = -9.177426283E-04
      Residues:
        c2**2 + c4(2l+5)    =  1.351885894E-16
        norm[AE] - norm[PP] =  1.205379330E-01

      Iteration number:  90
      Coefficients:
        c0  = -1.688111266E+01   c2  = -9.100094279E-01
        c4  = -6.437474865E-02   c6  =  2.131082047E-01
        c8  = -8.031553653E-02   c10 =  1.275322376E-02
        c12 = -7.635791571E-04
      Residues:
        c2**2 + c4(2l+5)    =  1.040159635E-16
        norm[AE] - norm[PP] =  1.199949238E-01

      Iteration number:  91
      Coefficients:
        c0  = -1.695399755E+01   c2  = -8.556914619E-01
        c4  = -5.571658409E-02   c6  =  1.928191376E-01
        c8  = -7.254954843E-02   c10 =  1.149928514E-02
        c12 = -6.875228344E-04
      Residues:
        c2**2 + c4(2l+5)    =  8.930368385E-17
        norm[AE] - norm[PP] =  1.193254530E-01

      Iteration number:  92
      Coefficients:
        c0  = -1.709169988E+01   c2  = -7.520273965E-01
        c4  = -4.079968407E-02   c6  =  1.552851324E-01
        c8  = -5.809832890E-02   c10 =  9.160834659E-03
        c12 = -5.455257065E-04
      Residues:
        c2**2 + c4(2l+5)    =  6.291404679E-17
        norm[AE] - norm[PP] =  1.167486802E-01

      Iteration number:  93
      Coefficients:
        c0  = -1.721398933E+01   c2  = -6.589044923E-01
        c4  = -2.902311660E-02   c6  =  1.227670601E-01
        c8  = -4.549032296E-02   c10 =  7.115385388E-03
        c12 = -4.211540733E-04
      Residues:
        c2**2 + c4(2l+5)    =  4.088593518E-17
        norm[AE] - norm[PP] =  1.149008474E-01

      Iteration number:  94
      Coefficients:
        c0  = -1.732834918E+01   c2  = -5.706183809E-01
        c4  = -1.967440518E-02   c6  =  9.327956642E-02
        c8  = -3.395526208E-02   c10 =  5.237943709E-03
        c12 = -3.068068771E-04
      Residues:
        c2**2 + c4(2l+5)    =  2.141542400E-17
        norm[AE] - norm[PP] =  1.091868796E-01

      Iteration number:  95
      Coefficients:
        c0  = -1.750235185E+01   c2  = -4.341235902E-01
        c4  = -8.447579412E-03   c6  =  5.007397828E-02
        c8  = -1.686427644E-02   c10 =  2.445063813E-03
        c12 = -1.363534251E-04
      Residues:
        c2**2 + c4(2l+5)    = -6.321103390E-18
        norm[AE] - norm[PP] =  9.553991803E-02

      Iteration number:  96
      Coefficients:
        c0  = -1.765015030E+01   c2  = -3.145918912E-01
        c4  = -3.887329048E-03   c6  =  1.613171213E-02
        c8  = -3.110766197E-03   c10 =  1.785482291E-04
        c12 =  2.570698396E-06
      Residues:
        c2**2 + c4(2l+5)    = -2.809234355E-17
        norm[AE] - norm[PP] =  5.620743850E-02

      Iteration number:  97
      Coefficients:
        c0  = -1.761674170E+01   c2  = -3.388251475E-01
        c4  = -8.776697832E-03   c6  =  2.594178452E-02
        c8  = -6.811794677E-03   c10 =  7.728920823E-04
        c12 = -3.337581353E-05
      Residues:
        c2**2 + c4(2l+5)    = -2.295886333E-17
        norm[AE] - norm[PP] =  1.825880444E-02

      Iteration number:  98
      Coefficients:
        c0  = -1.746118134E+01   c2  = -4.614481319E-01
        c4  = -1.798937123E-02   c6  =  6.411142848E-02
        c8  = -2.196483591E-02   c10 =  3.252238457E-03
        c12 = -1.847924992E-04
      Residues:
        c2**2 + c4(2l+5)    =  6.627290775E-19
        norm[AE] - norm[PP] =  1.505129493E-02

      Iteration number:  99
      Coefficients:
        c0  = -1.746625318E+01   c2  = -4.564977688E-01
        c4  = -1.900812440E-02   c6  =  6.359777273E-02
        c8  = -2.167323294E-02   c10 =  3.199441698E-03
        c12 = -1.814091686E-04
      Residues:
        c2**2 + c4(2l+5)    = -1.689583994E-20
        norm[AE] - norm[PP] = -6.991554791E-04

      Iteration number: 100
      Coefficients:
        c0  = -1.746611312E+01   c2  = -4.566510792E-01
        c4  = -1.895699607E-02   c6  =  6.359921834E-02
        c8  = -2.167775687E-02   c10 =  3.200410952E-03
        c12 = -1.814755233E-04
      Residues:
        c2**2 + c4(2l+5)    = -1.031581178E-22
        norm[AE] - norm[PP] =  3.251308921E-06

      Iteration number: 101
      Coefficients:
        c0  = -1.746611260E+01   c2  = -4.566512766E-01
        c4  = -1.895731588E-02   c6  =  6.359950507E-02
        c8  = -2.167785147E-02   c10 =  3.200425315E-03
        c12 = -1.814763656E-04
      Residues:
        c2**2 + c4(2l+5)    =  1.927359952E-24
        norm[AE] - norm[PP] = -8.627734496E-08

      Iteration number: 102
      Coefficients:
        c0  = -1.746611261E+01   c2  = -4.566512754E-01
        c4  = -1.895730790E-02   c6  =  6.359949888E-02
        c8  = -2.167784951E-02   c10 =  3.200425024E-03
        c12 = -1.814763487E-04
      Residues:
        c2**2 + c4(2l+5)    = -1.077978427E-26
        norm[AE] - norm[PP] =  4.785049024E-10

    Coefficients:
      c0  = -1.746611261E+01   c2  = -4.566512754E-01
      c4  = -1.895730790E-02   c6  =  6.359949888E-02
      c8  = -2.167784951E-02   c10 =  3.200425024E-03
      c12 = -1.814763487E-04
    Residues:
      c2**2 + c4(2l+5)    = -1.077978427E-26
      norm[AE] - norm[PP] =  4.785049024E-10


Pseudopotentials Self-Consistency:
  State  Eigenvalue [H ]    Norm Test   Slope Test
    3s        -0.39980      1.0000281   1.0000656
    3p        -0.15300      1.0009272   0.9997029
    3d         0.00000      0.9992955   0.9988595
    4f         0.00000      1.0043351   1.0021192

Kleinman & Bylander Atom
  l-component used as local: l = 2
  Non-local components:
    State   KB Energy [H ]   KB Cosine
      3s        7.2032         0.2234
      3p        8.2834         0.1192
      4f       -6.0826        -0.0000

  Ghost state analysis:
    State: 3s
      KB energy > 0; E0 < Eref < E1  =>  No ghost states
      Local potential eigenvalues:   -3.8180 (E0)    -0.3126 (E1)
      Reference energy:              -0.3998 (Eref)
    State: 3p
      KB energy > 0; E0 < Eref < E1  =>  No ghost states
      Local potential eigenvalues:   -1.0240 (E0)    -0.0259 (E1)
      Reference energy:              -0.1530 (Eref)
    State: 4f
      KB energy < 0; Eref = E0 = 0   =>  Unable to determine
      Local potential eigenvalues:    0.0000 (E0)     0.0000 (E1)
      Reference energy:               0.0000 (Eref)

  Localization radii [b]:
    Local:  2.04
    l = 0:  1.44
    l = 1:  1.44
    l = 3:  1.85

Initializing ODE Integrator
  ODE Stepping function: Embedded 8th order Runge-Kutta Prince-Dormand
                         method with 9th order error estimate
  ODE Integrator tolerance:  1.000E-12
  ODE Integrator maximum number of steps: 500000


                    -- Pseudopotential Testing --

Initializing ODE Integrator
  ODE Stepping function: Embedded 8th order Runge-Kutta Prince-Dormand
                         method with 9th order error estimate
  ODE Integrator tolerance:  1.000E-12
  ODE Integrator maximum number of steps: 500000

Logarithmic Derivatives:
  Diagnostic radius:  3.000 b
  Energy step:    Adaptive
  Computing logarithmic derivative for states: s
    Minimum energy: -1.500 H
    Maximum energy:  1.500 H
  Computing logarithmic derivative for states: p
    Minimum energy: -1.500 H
    Maximum energy:  1.500 H
  Computing logarithmic derivative for states: d
    Minimum energy: -1.500 H
    Maximum energy:  1.500 H
  Computing logarithmic derivative for states: f
    Minimum energy: -1.500 H
    Maximum energy:  1.500 H

              Program finished on 2013/05/03 at 15:19:17

