# Octopus parser started
Verbose = 40
CalculationMode = 6
UnitsInput = 1		# default
UnitsOutput = 1		# default
EigenSolverTolerance = 1e-08
ODESteppingFunction = 5		# default
ODEIntTolerance = 1e-12
ODEMaxSteps = 500000		# default
PPCalculationTolerance = 1e-06
PPTrick = "non"		# default
Opened block 'PPComponents'
  (0, 0) = 3
  (0, 1) = 0
  (0, 2) = 1.2
  (0, 3) = 2
  (1, 0) = 3
  (1, 1) = 1
  (1, 2) = 1.27
  (1, 3) = 2
  (2, 0) = 3
  (2, 1) = 2
  (2, 2) = 1.5
  (2, 3) = 2
  (3, 0) = 4
  (3, 1) = 3
  (3, 2) = 1.9
  (3, 3) = 2
Closed block
CoreCorrection = 0		# default
PPOutputFileFormat = 8
Llocal = 1
ODESteppingFunction = 5		# default
ODEIntTolerance = 1e-12
ODEMaxSteps = 500000		# default
PPTestSCF = 0		# default
PPTestAEDir = "ae"		# default
ODESteppingFunction = 5		# default
ODEIntTolerance = 1e-12
ODEMaxSteps = 500000		# default
PPTests = 1
LogDerivativeRadius = 3
LogDerivativeEnergyMin = -1.5
LogDerivativeEnergyMax = 1.5
LogDerivativeEnergyStep = 0		# default
# Octopus parser ended
