                 APE - Atomic Pseudopotentials Engine

              Program started on 2013/05/03 at 15:19:04

Compilation Info
  Version: 2.1.0
  Revision: 2422 [string_f.h 2006-09-23]
  Build time: Wed Apr 24 23:44:06 CEST 2013
  C compiler: gcc
  C compiler flags: -g -O2 -I/opt/local/include
  Fortran compiler: gfortran
  Fortran compiler flags: -g -O2

Calculation Type:
  Atomic Calculation

Setting units
  Input units system:  Atomic Units
  Output units system: Atomic Units

Eigensolver Info
  Method:    Brent's method
  Tolerance:  1.000E-08


                    -- All Electron Calculation --

Initializing ODE Integrator
  ODE Stepping function: Embedded 8th order Runge-Kutta Prince-Dormand
                         method with 9th order error estimate
  ODE Integrator tolerance:  1.000E-12
  ODE Integrator maximum number of steps: 500000

General Information about the atom:
  Symbol: Si
  Theory Level: DFT
  Wave-equation: scalar-relativistic
  Spin mode: unpolarized
  Nuclear charge:  14.00
  Total charge:     0.00
  Configuration    : State   Occupation
                       1s       2.00
                       2s       2.00
                       2p       6.00
                       3s       2.00
                       3p       2.00
                       3d       0.00
                       4f       0.00

Exchange-Correlation model:
  Correlation: Perdew & Wang (LDA)
  Exchange:    Slater exchange (LDA)

Mesh information:
  Type: logarithmic [ri = b*exp(a*i)]
  Mesh starting point:   3.74E-05 b
  Mesh outmost point:    112.250 b
  Mesh parameters (a, b):  2.48984E-02,  3.64965E-05
  Mesh number of points:    600
  Derivatives Method: Cubic slines

Starting SCF process
  Convergence tolerance: ConvAbsDens ConvRelDens
                          0.000E+00   1.000E-08
                         ConvAbsEnergy ConvRelEnergy
                          0.000E+00   0.000E+00
  Smearing: fixed occupancies
  Maximum number of iterations:    300
  Mixing scheme: Modified Broyden's Method
  Mixing: 0.300

Performing SCF Cycle

  Iteration number:   1
    Total energy:    -635.002322 H
    ConvAbsDens = 1.11E+00 ConvAbsEnergy = 6.35E+02
    ConvRelDens = 7.96E-02 ConvRelEnergy = 1.00E+00
    Eigenvalues [H]
     State   Occupation   Eigenvalue
       1s       2.00       -98.25705
       2s       2.00       -24.58035
       2p       6.00       -24.53730
       3s       2.00       -10.91744
       3p       2.00       -10.90469
       3d       0.00       -10.89458
       4f       0.00        -6.12657

  Iteration number:   2
    Total energy:    -502.448620 H
    ConvAbsDens = 1.81E-01 ConvAbsEnergy = 1.33E+02
    ConvRelDens = 1.29E-02 ConvRelEnergy = 2.64E-01
    Eigenvalues [H]
     State   Occupation   Eigenvalue
       1s       2.00       -85.09830
       2s       2.00       -16.86708
       2p       6.00       -16.02929
       3s       2.00        -6.63036
       3p       2.00        -6.34870
       3d       0.00        -5.94244
       4f       0.00        -3.12582

  Iteration number:   3
    Total energy:    -418.565441 H
    ConvAbsDens = 1.59E-01 ConvAbsEnergy = 8.39E+01
    ConvRelDens = 1.13E-02 ConvRelEnergy = 2.00E-01
    Eigenvalues [H]
     State   Occupation   Eigenvalue
       1s       2.00       -76.92668
       2s       2.00       -12.11388
       2p       6.00       -10.86830
       3s       2.00        -4.10662
       3p       2.00        -3.73843
       3d       0.00        -3.20631
       4f       0.00        -1.57018

  Iteration number:   4
    Total energy:    -366.216522 H
    ConvAbsDens = 1.32E-01 ConvAbsEnergy = 5.23E+01
    ConvRelDens = 9.45E-03 ConvRelEnergy = 1.43E-01
    Eigenvalues [H]
     State   Occupation   Eigenvalue
       1s       2.00       -71.98778
       2s       2.00        -9.21897
       2p       6.00        -7.77796
       3s       2.00        -2.61789
       3p       2.00        -2.24524
       3d       0.00        -1.71701
       4f       0.00        -0.77776

  Iteration number:   5
    Total energy:    -290.975835 H
    ConvAbsDens = 3.02E-01 ConvAbsEnergy = 7.52E+01
    ConvRelDens = 2.16E-02 ConvRelEnergy = 2.59E-01
    Eigenvalues [H]
     State   Occupation   Eigenvalue
       1s       2.00       -65.65479
       2s       2.00        -5.18672
       2p       6.00        -3.60287
       3s       2.00        -0.51268
       3p       2.00        -0.26467
       3d       0.00        -0.04464
       4f       0.00        -0.02061

  Iteration number:   6
    Total energy:    -286.515660 H
    ConvAbsDens = 2.61E-02 ConvAbsEnergy = 4.46E+00
    ConvRelDens = 1.86E-03 ConvRelEnergy = 1.56E-02
    Eigenvalues [H]
     State   Occupation   Eigenvalue
       1s       2.00       -65.20349
       2s       2.00        -4.99525
       2p       6.00        -3.39936
       3s       2.00        -0.42808
       3p       2.00        -0.18910
       3d       0.00        -0.01365
       4f       0.00        -0.00664

  Iteration number:   7
    Total energy:    -293.390495 H
    ConvAbsDens = 5.45E-02 ConvAbsEnergy = 6.87E+00
    ConvRelDens = 3.90E-03 ConvRelEnergy = 2.34E-02
    Eigenvalues [H]
     State   Occupation   Eigenvalue
       1s       2.00       -65.63825
       2s       2.00        -5.32216
       2p       6.00        -3.74185
       3s       2.00        -0.49033
       3p       2.00        -0.22492
       3d       0.00         0.00000
       4f       0.00         0.00000

  Iteration number:   8
    Total energy:    -287.800196 H
    ConvAbsDens = 4.66E-02 ConvAbsEnergy = 5.59E+00
    ConvRelDens = 3.33E-03 ConvRelEnergy = 1.94E-02
    Eigenvalues [H]
     State   Occupation   Eigenvalue
       1s       2.00       -65.30318
       2s       2.00        -5.04814
       2p       6.00        -3.46286
       3s       2.00        -0.37622
       3p       2.00        -0.13446
       3d       0.00         0.00000
       4f       0.00         0.00000

  Iteration number:   9
    Total energy:    -288.847598 H
    ConvAbsDens = 9.85E-03 ConvAbsEnergy = 1.05E+00
    ConvRelDens = 7.03E-04 ConvRelEnergy = 3.63E-03
    Eigenvalues [H]
     State   Occupation   Eigenvalue
       1s       2.00       -65.35910
       2s       2.00        -5.09983
       2p       6.00        -3.51471
       3s       2.00        -0.40086
       3p       2.00        -0.15402
       3d       0.00         0.00000
       4f       0.00         0.00000

  Iteration number:  10
    Total energy:    -288.824904 H
    ConvAbsDens = 1.99E-04 ConvAbsEnergy = 2.27E-02
    ConvRelDens = 1.42E-05 ConvRelEnergy = 7.86E-05
    Eigenvalues [H]
     State   Occupation   Eigenvalue
       1s       2.00       -65.35767
       2s       2.00        -5.09876
       2p       6.00        -3.51364
       3s       2.00        -0.40000
       3p       2.00        -0.15324
       3d       0.00         0.00000
       4f       0.00         0.00000

  Iteration number:  11
    Total energy:    -288.821259 H
    ConvAbsDens = 1.89E-04 ConvAbsEnergy = 3.64E-03
    ConvRelDens = 1.35E-05 ConvRelEnergy = 1.26E-05
    Eigenvalues [H]
     State   Occupation   Eigenvalue
       1s       2.00       -65.35701
       2s       2.00        -5.09872
       2p       6.00        -3.51357
       3s       2.00        -0.39952
       3p       2.00        -0.15270
       3d       0.00         0.00000
       4f       0.00         0.00000

  Iteration number:  12
    Total energy:    -288.823127 H
    ConvAbsDens = 4.15E-05 ConvAbsEnergy = 1.87E-03
    ConvRelDens = 2.96E-06 ConvRelEnergy = 6.47E-06
    Eigenvalues [H]
     State   Occupation   Eigenvalue
       1s       2.00       -65.35714
       2s       2.00        -5.09884
       2p       6.00        -3.51367
       3s       2.00        -0.39977
       3p       2.00        -0.15293
       3d       0.00         0.00000
       4f       0.00         0.00000

  Iteration number:  13
    Total energy:    -288.822704 H
    ConvAbsDens = 1.11E-05 ConvAbsEnergy = 4.24E-04
    ConvRelDens = 7.92E-07 ConvRelEnergy = 1.47E-06
    Eigenvalues [H]
     State   Occupation   Eigenvalue
       1s       2.00       -65.35721
       2s       2.00        -5.09881
       2p       6.00        -3.51364
       3s       2.00        -0.39984
       3p       2.00        -0.15301
       3d       0.00         0.00000
       4f       0.00         0.00000

  Iteration number:  14
    Total energy:    -288.821697 H
    ConvAbsDens = 2.30E-05 ConvAbsEnergy = 1.01E-03
    ConvRelDens = 1.65E-06 ConvRelEnergy = 3.48E-06
    Eigenvalues [H]
     State   Occupation   Eigenvalue
       1s       2.00       -65.35729
       2s       2.00        -5.09875
       2p       6.00        -3.51358
       3s       2.00        -0.39984
       3p       2.00        -0.15302
       3d       0.00         0.00000
       4f       0.00         0.00000

  Iteration number:  15
    Total energy:    -288.821583 H
    ConvAbsDens = 4.19E-06 ConvAbsEnergy = 1.14E-04
    ConvRelDens = 2.99E-07 ConvRelEnergy = 3.96E-07
    Eigenvalues [H]
     State   Occupation   Eigenvalue
       1s       2.00       -65.35727
       2s       2.00        -5.09874
       2p       6.00        -3.51357
       3s       2.00        -0.39980
       3p       2.00        -0.15298
       3d       0.00         0.00000
       4f       0.00         0.00000

  Iteration number:  16
    Total energy:    -288.821581 H
    ConvAbsDens = 1.90E-07 ConvAbsEnergy = 2.10E-06
    ConvRelDens = 1.36E-08 ConvRelEnergy = 7.27E-09
    Eigenvalues [H]
     State   Occupation   Eigenvalue
       1s       2.00       -65.35727
       2s       2.00        -5.09874
       2p       6.00        -3.51357
       3s       2.00        -0.39980
       3p       2.00        -0.15298
       3d       0.00         0.00000
       4f       0.00         0.00000

  Iteration number:  17
    Total energy:    -288.821577 H
    ConvAbsDens = 2.95E-07 ConvAbsEnergy = 3.68E-06
    ConvRelDens = 2.11E-08 ConvRelEnergy = 1.27E-08
    Eigenvalues [H]
     State   Occupation   Eigenvalue
       1s       2.00       -65.35727
       2s       2.00        -5.09874
       2p       6.00        -3.51357
       3s       2.00        -0.39980
       3p       2.00        -0.15298
       3d       0.00         0.00000
       4f       0.00         0.00000

  Iteration number:  18
    Total energy:    -288.821573 H
    ConvAbsDens = 2.46E-07 ConvAbsEnergy = 3.95E-06
    ConvRelDens = 1.75E-08 ConvRelEnergy = 1.37E-08
    Eigenvalues [H]
     State   Occupation   Eigenvalue
       1s       2.00       -65.35727
       2s       2.00        -5.09873
       2p       6.00        -3.51357
       3s       2.00        -0.39980
       3p       2.00        -0.15298
       3d       0.00         0.00000
       4f       0.00         0.00000

  Iteration number:  19
    Total energy:    -288.821572 H
    ConvAbsDens = 7.95E-08 ConvAbsEnergy = 1.47E-06
    ConvRelDens = 5.68E-09 ConvRelEnergy = 5.09E-09
    Eigenvalues [H]
     State   Occupation   Eigenvalue
       1s       2.00       -65.35727
       2s       2.00        -5.09873
       2p       6.00        -3.51357
       3s       2.00        -0.39980
       3p       2.00        -0.15298
       3d       0.00         0.00000
       4f       0.00         0.00000

  Final results for SCF procedure:
    Eigenvalues [H]
     State   Occupation   Eigenvalue
       1s       2.00       -65.35727
       2s       2.00        -5.09873
       2p       6.00        -3.51357
       3s       2.00        -0.39980
       3p       2.00        -0.15298
       3d       0.00         0.00000
       4f       0.00         0.00000

              Program finished on 2013/05/03 at 15:19:07

