# Octopus parser started
Verbose = 40
CalculationMode = 1
UnitsInput = 1		# default
UnitsOutput = 1		# default
EigenSolverTolerance = 1e-08
TheoryLevel = 2		# default
NuclearCharge = 14
WaveEquation = 2
SpinMode = 1
XCFunctional = 12001
XCCorrections = 0		# default
KEDFunctional = 0		# default
MeshType = 2		# default
MeshStartingPoint = 3.74166e-05		# default
MeshOutmostPoint = 112.25		# default
MeshDerivMethod = 1		# default
MeshNumberOfPoints = 600		# default
Opened block 'Orbitals'
  (0, 0) = "Ne"
  (1, 0) = 3
  (1, 1) = 0
  (1, 2) = 2
  (2, 0) = 3
  (2, 1) = 1
  (2, 2) = 2
  (3, 0) = 3
  (3, 1) = 2
  (3, 2) = 0
  (4, 0) = 4
  (4, 1) = 3
  (4, 2) = 0
Closed block
ODESteppingFunction = 5		# default
ODEIntTolerance = 1e-12
ODEMaxSteps = 500000		# default
ConvRelEnergy = 0		# default
ConvAbsEnergy = 0		# default
ConvRelDens = 1e-08		# default
ConvAbsDens = 0		# default
SmearingFunction = 0		# default
MaximumIter = 300		# default
MixingScheme = 2		# default
Mixing = 0.3		# default
MixingSteps = 3		# default
# Octopus parser ended
